<?xml version="1.0" encoding="UTF-8"?>
<!-- Generated by org.testng.reporters.JUnitReportReporter -->
<testsuite hostname="DJB" name="ieYandex" tests="1" failures="0" timestamp="23 Nov 2017 04:53:48 GMT" time="105.091" errors="0">
  <testcase name="ieYandexMarket" time="105.091" classname="ieYandex"/>
</testsuite> <!-- ieYandex -->
