<?xml version="1.0" encoding="UTF-8"?>
<!-- Generated by org.testng.reporters.JUnitReportReporter -->
<testsuite hostname="DJB" name="yandex" tests="1" failures="0" timestamp="22 Nov 2017 18:33:42 GMT" time="72.528" errors="0">
  <testcase name="yandexMarket" time="72.528" classname="yandex"/>
</testsuite> <!-- yandex -->
